0 info it worked if it ends with ok
1 verbose cli [ '/usr/local/bin/node', '/usr/local/bin/npm', 'install' ]
2 info using npm@2.15.1
3 info using node@v4.4.3
4 verbose readDependencies loading dependencies from /Users/jmcadams/Coding/angular2-quickstart/package.json
5 warn package.json angular2-quickstart@1.0.0 No description
6 warn package.json angular2-quickstart@1.0.0 No repository field.
7 warn package.json angular2-quickstart@1.0.0 No README data
8 verbose install where, deps [ '/Users/jmcadams/Coding/angular2-quickstart',
8 verbose install   [ '@angular/common',
8 verbose install     '@angular/compiler',
8 verbose install     '@angular/core',
8 verbose install     '@angular/forms',
8 verbose install     '@angular/http',
8 verbose install     '@angular/platform-browser',
8 verbose install     '@angular/platform-browser-dynamic',
8 verbose install     '@angular/router',
8 verbose install     '@angular/router-deprecated',
8 verbose install     '@angular/upgrade',
8 verbose install     'core-js',
8 verbose install     'reflect-metadata',
8 verbose install     'rxjs',
8 verbose install     'zone.js',
8 verbose install     'angular2-in-memory-web-api',
8 verbose install     'bootstrap',
8 verbose install     'concurrently',
8 verbose install     'lite-server' ] ]
9 verbose install where, peers [ '/Users/jmcadams/Coding/angular2-quickstart', [] ]
10 verbose installManyTop reading for lifecycle /Users/jmcadams/Coding/angular2-quickstart/package.json
11 info preinstall angular2-quickstart@1.0.0
12 verbose installManyTop reading scoped package data from /Users/jmcadams/Coding/angular2-quickstart/node_modules/angular2-in-memory-web-api/package.json
13 verbose installManyTop reading scoped package data from /Users/jmcadams/Coding/angular2-quickstart/node_modules/bootstrap/package.json
14 verbose installManyTop reading scoped package data from /Users/jmcadams/Coding/angular2-quickstart/node_modules/concurrently/package.json
15 verbose installManyTop reading scoped package data from /Users/jmcadams/Coding/angular2-quickstart/node_modules/core-js/package.json
16 verbose installManyTop reading scoped package data from /Users/jmcadams/Coding/angular2-quickstart/node_modules/lite-server/package.json
17 verbose installManyTop reading scoped package data from /Users/jmcadams/Coding/angular2-quickstart/node_modules/reflect-metadata/package.json
18 verbose installManyTop reading scoped package data from /Users/jmcadams/Coding/angular2-quickstart/node_modules/rxjs/package.json
19 verbose installManyTop reading scoped package data from /Users/jmcadams/Coding/angular2-quickstart/node_modules/zone.js/package.json
20 verbose installManyTop reading scoped package data from /Users/jmcadams/Coding/angular2-quickstart/node_modules/@angular/common/package.json
21 verbose installManyTop reading scoped package data from /Users/jmcadams/Coding/angular2-quickstart/node_modules/@angular/compiler/package.json
22 verbose installManyTop reading scoped package data from /Users/jmcadams/Coding/angular2-quickstart/node_modules/@angular/core/package.json
23 verbose installManyTop reading scoped package data from /Users/jmcadams/Coding/angular2-quickstart/node_modules/@angular/forms/package.json
24 verbose installManyTop reading scoped package data from /Users/jmcadams/Coding/angular2-quickstart/node_modules/@angular/http/package.json
25 verbose installManyTop reading scoped package data from /Users/jmcadams/Coding/angular2-quickstart/node_modules/@angular/platform-browser/package.json
26 verbose installManyTop reading scoped package data from /Users/jmcadams/Coding/angular2-quickstart/node_modules/@angular/platform-browser-dynamic/package.json
27 verbose installManyTop reading scoped package data from /Users/jmcadams/Coding/angular2-quickstart/node_modules/@angular/router/package.json
28 verbose installManyTop reading scoped package data from /Users/jmcadams/Coding/angular2-quickstart/node_modules/@angular/router-deprecated/package.json
29 verbose installManyTop reading scoped package data from /Users/jmcadams/Coding/angular2-quickstart/node_modules/@angular/upgrade/package.json
30 info package.json core-js@2.4.0 No README data
31 info package.json @angular/forms@0.1.1 No description
32 info package.json @angular/forms@0.1.1 No README data
33 info package.json @angular/common@2.0.0-rc.3 No description
34 info package.json @angular/common@2.0.0-rc.3 No README data
35 info package.json @angular/core@2.0.0-rc.3 No description
36 info package.json @angular/core@2.0.0-rc.3 No README data
37 info package.json @angular/compiler@2.0.0-rc.3 No description
38 info package.json @angular/compiler@2.0.0-rc.3 No README data
39 info package.json @angular/http@2.0.0-rc.3 No description
40 info package.json @angular/http@2.0.0-rc.3 No README data
41 info package.json @angular/platform-browser-dynamic@2.0.0-rc.3 No description
42 info package.json @angular/platform-browser-dynamic@2.0.0-rc.3 No README data
43 info package.json @angular/router@3.0.0-alpha.8 No description
44 info package.json @angular/router@3.0.0-alpha.8 No README data
45 info package.json @angular/router-deprecated@2.0.0-rc.2 No description
46 info package.json @angular/router-deprecated@2.0.0-rc.2 No README data
47 info package.json @angular/upgrade@2.0.0-rc.3 No description
48 info package.json @angular/upgrade@2.0.0-rc.3 No README data
49 info package.json @angular/platform-browser@2.0.0-rc.3 No description
50 info package.json @angular/platform-browser@2.0.0-rc.3 No README data
51 verbose readDependencies loading dependencies from /Users/jmcadams/Coding/angular2-quickstart/package.json
52 verbose targetResolver reading package data from /Users/jmcadams/Coding/angular2-quickstart/node_modules/angular2-in-memory-web-api/package.json
53 verbose targetResolver reading package data from /Users/jmcadams/Coding/angular2-quickstart/node_modules/bootstrap/package.json
54 verbose targetResolver reading package data from /Users/jmcadams/Coding/angular2-quickstart/node_modules/concurrently/package.json
55 verbose targetResolver reading package data from /Users/jmcadams/Coding/angular2-quickstart/node_modules/core-js/package.json
56 verbose targetResolver reading package data from /Users/jmcadams/Coding/angular2-quickstart/node_modules/lite-server/package.json
57 verbose targetResolver reading package data from /Users/jmcadams/Coding/angular2-quickstart/node_modules/reflect-metadata/package.json
58 verbose targetResolver reading package data from /Users/jmcadams/Coding/angular2-quickstart/node_modules/rxjs/package.json
59 verbose targetResolver reading package data from /Users/jmcadams/Coding/angular2-quickstart/node_modules/zone.js/package.json
60 verbose targetResolver reading package data from /Users/jmcadams/Coding/angular2-quickstart/node_modules/.bin/concurrent/package.json
61 verbose targetResolver reading package data from /Users/jmcadams/Coding/angular2-quickstart/node_modules/.bin/concurrently/package.json
62 verbose targetResolver reading package data from /Users/jmcadams/Coding/angular2-quickstart/node_modules/.bin/lite-server/package.json
63 verbose targetResolver reading package data from /Users/jmcadams/Coding/angular2-quickstart/node_modules/@angular/common/package.json
64 verbose targetResolver reading package data from /Users/jmcadams/Coding/angular2-quickstart/node_modules/@angular/compiler/package.json
65 verbose targetResolver reading package data from /Users/jmcadams/Coding/angular2-quickstart/node_modules/@angular/core/package.json
66 verbose targetResolver reading package data from /Users/jmcadams/Coding/angular2-quickstart/node_modules/@angular/forms/package.json
67 verbose targetResolver reading package data from /Users/jmcadams/Coding/angular2-quickstart/node_modules/@angular/http/package.json
68 verbose targetResolver reading package data from /Users/jmcadams/Coding/angular2-quickstart/node_modules/@angular/platform-browser/package.json
69 verbose targetResolver reading package data from /Users/jmcadams/Coding/angular2-quickstart/node_modules/@angular/platform-browser-dynamic/package.json
70 verbose targetResolver reading package data from /Users/jmcadams/Coding/angular2-quickstart/node_modules/@angular/router/package.json
71 verbose targetResolver reading package data from /Users/jmcadams/Coding/angular2-quickstart/node_modules/@angular/router-deprecated/package.json
72 verbose targetResolver reading package data from /Users/jmcadams/Coding/angular2-quickstart/node_modules/@angular/upgrade/package.json
73 verbose already installed skipping core-js@^2.4.0 /Users/jmcadams/Coding/angular2-quickstart
74 verbose already installed skipping reflect-metadata@0.1.3 /Users/jmcadams/Coding/angular2-quickstart
75 verbose already installed skipping rxjs@5.0.0-beta.6 /Users/jmcadams/Coding/angular2-quickstart
76 verbose already installed skipping zone.js@0.6.12 /Users/jmcadams/Coding/angular2-quickstart
77 verbose already installed skipping angular2-in-memory-web-api@0.0.12 /Users/jmcadams/Coding/angular2-quickstart
78 verbose already installed skipping bootstrap@^3.3.6 /Users/jmcadams/Coding/angular2-quickstart
79 verbose already installed skipping concurrently@^2.0.0 /Users/jmcadams/Coding/angular2-quickstart
80 verbose already installed skipping lite-server@^2.2.0 /Users/jmcadams/Coding/angular2-quickstart
81 verbose already installed skipping @angular/common@2.0.0-rc.3 /Users/jmcadams/Coding/angular2-quickstart
82 verbose already installed skipping @angular/compiler@2.0.0-rc.3 /Users/jmcadams/Coding/angular2-quickstart
83 verbose already installed skipping @angular/core@2.0.0-rc.3 /Users/jmcadams/Coding/angular2-quickstart
84 verbose already installed skipping @angular/forms@0.1.1 /Users/jmcadams/Coding/angular2-quickstart
85 verbose already installed skipping @angular/http@2.0.0-rc.3 /Users/jmcadams/Coding/angular2-quickstart
86 verbose already installed skipping @angular/platform-browser@2.0.0-rc.3 /Users/jmcadams/Coding/angular2-quickstart
87 verbose already installed skipping @angular/platform-browser-dynamic@2.0.0-rc.3 /Users/jmcadams/Coding/angular2-quickstart
88 verbose already installed skipping @angular/router@3.0.0-alpha.8 /Users/jmcadams/Coding/angular2-quickstart
89 verbose already installed skipping @angular/router-deprecated@2.0.0-rc.2 /Users/jmcadams/Coding/angular2-quickstart
90 verbose already installed skipping @angular/upgrade@2.0.0-rc.3 /Users/jmcadams/Coding/angular2-quickstart
91 silly install resolved []
92 info build /Users/jmcadams/Coding/angular2-quickstart
93 info linkStuff angular2-quickstart@1.0.0
94 silly linkStuff angular2-quickstart@1.0.0 has /Users/jmcadams/Coding as its parent node_modules
95 verbose linkBins angular2-quickstart@1.0.0
96 verbose linkMans angular2-quickstart@1.0.0
97 verbose rebuildBundles angular2-quickstart@1.0.0
98 verbose rebuildBundles [ '.bin',
98 verbose rebuildBundles   '@angular',
98 verbose rebuildBundles   'angular2-in-memory-web-api',
98 verbose rebuildBundles   'bootstrap',
98 verbose rebuildBundles   'concurrently',
98 verbose rebuildBundles   'core-js',
98 verbose rebuildBundles   'lite-server',
98 verbose rebuildBundles   'reflect-metadata',
98 verbose rebuildBundles   'rxjs',
98 verbose rebuildBundles   'zone.js' ]
99 info install angular2-quickstart@1.0.0
100 info postinstall angular2-quickstart@1.0.0
101 info prepublish angular2-quickstart@1.0.0
102 verbose validateInstall loading /Users/jmcadams/Coding/angular2-quickstart/package.json for validation
103 verbose stack Error: The package @angular/core@2.0.0-rc.3 does not satisfy its siblings' peerDependencies requirements!
103 verbose stack     at /usr/local/lib/node_modules/npm/lib/install.js:125:32
103 verbose stack     at /usr/local/lib/node_modules/npm/lib/install.js:268:7
103 verbose stack     at /usr/local/lib/node_modules/npm/node_modules/read-installed/read-installed.js:142:5
103 verbose stack     at /usr/local/lib/node_modules/npm/node_modules/read-installed/read-installed.js:263:14
103 verbose stack     at cb (/usr/local/lib/node_modules/npm/node_modules/slide/lib/async-map.js:47:24)
103 verbose stack     at /usr/local/lib/node_modules/npm/node_modules/read-installed/read-installed.js:263:14
103 verbose stack     at cb (/usr/local/lib/node_modules/npm/node_modules/slide/lib/async-map.js:47:24)
103 verbose stack     at /usr/local/lib/node_modules/npm/node_modules/read-installed/read-installed.js:263:14
103 verbose stack     at cb (/usr/local/lib/node_modules/npm/node_modules/slide/lib/async-map.js:47:24)
103 verbose stack     at /usr/local/lib/node_modules/npm/node_modules/read-installed/read-installed.js:263:14
104 verbose cwd /Users/jmcadams/Coding/angular2-quickstart
105 error Darwin 15.5.0
106 error argv "/usr/local/bin/node" "/usr/local/bin/npm" "install"
107 error node v4.4.3
108 error npm  v2.15.1
109 error code EPEERINVALID
110 error peerinvalid The package @angular/core@2.0.0-rc.3 does not satisfy its siblings' peerDependencies requirements!
110 error peerinvalid Peer @angular/common@2.0.0-rc.3 wants @angular/core@2.0.0-rc.3
110 error peerinvalid Peer @angular/compiler@2.0.0-rc.3 wants @angular/core@2.0.0-rc.3
110 error peerinvalid Peer @angular/forms@0.1.1 wants @angular/core@2.0.0-rc.3
110 error peerinvalid Peer @angular/http@2.0.0-rc.3 wants @angular/core@2.0.0-rc.3
110 error peerinvalid Peer @angular/platform-browser@2.0.0-rc.3 wants @angular/core@2.0.0-rc.3
110 error peerinvalid Peer @angular/platform-browser-dynamic@2.0.0-rc.3 wants @angular/core@2.0.0-rc.3
110 error peerinvalid Peer @angular/router@3.0.0-alpha.8 wants @angular/core@^2.0.0-rc.2
110 error peerinvalid Peer @angular/router-deprecated@2.0.0-rc.2 wants @angular/core@^2.0.0-rc
110 error peerinvalid Peer @angular/upgrade@2.0.0-rc.3 wants @angular/core@2.0.0-rc.3
110 error peerinvalid Peer angular2-in-memory-web-api@0.0.12 wants @angular/core@2.0.0-rc.2
111 verbose exit [ 1, true ]
